Arguments: 
  D:\Node.js\node.exe D:\Yarn\bin\yarn.js init

PATH: 
  C:\Users\zy\bin;D:\cmder\bin;D:\cmder\vendor\bin;D:\cmder\vendor\git-for-windows\bin;D:\cmder\vendor\git-for-windows\mingw64\bin;D:\cmder\vendor\git-for-windows\usr\local\bin;D:\cmder\vendor\git-for-windows\usr\bin;D:\cmder\vendor\git-for-windows\usr\bin;D:\cmder\vendor\git-for-windows\mingw64\bin;D:\cmder\vendor\git-for-windows\usr\bin;C:\Users\zy\bin;D:\cmder\vendor\conemu-maximus5\ConEmu\Scripts;D:\cmder\vendor\conemu-maximus5;D:\cmder\vendor\conemu-maximus5\ConEmu;C:\Windows\system32;C:\Windows;C:\Windows\System32\Wbem;C:\Windows\System32\WindowsPowerShell\v1.0;C:\Windows\System32\OpenSSH;C:\Program Files\MySQL\MySQL Server 8.0\bin;C:\Program Files (x86)\dotnet;D:\Node.js;D:\cmder;D:\Yarn\bin;D:\hugo_0.71.1_Windows-64bit;C:\Program Files\dotnet;C:\Program Files\MySQL\MySQL Shell 8.0\bin;C:\Users\zy\AppData\Local\Microsoft\WindowsApps;D:\Microsoft VS Code\bin;C:\Users\zy\AppData\Local\GitHubDesktop\bin;D:\Bandizip;C:\Users\zy\AppData\Roaming\npm;C:\Users\zy\AppData\Local\Yarn\bin;D:\cmder;D:\WebStorm 2020.1\bin;D:\cmder;D:\cmder\vendor\git-for-windows\usr\bin\vendor_perl;D:\cmder\vendor\git-for-windows\usr\bin\core_perl

Yarn version: 
  1.22.4

Node version: 
  8.17.0

Platform: 
  win32 x64

Trace: 
  Error: canceled
      at Interface.<anonymous> (D:\Yarn\lib\cli.js:137008:13)
      at emitNone (events.js:106:13)
      at Interface.emit (events.js:208:7)
      at Interface._ttyWrite (readline.js:774:16)
      at ReadStream.onkeypress (readline.js:158:10)
      at emitTwo (events.js:126:13)
      at ReadStream.emit (events.js:214:7)
      at emitKeys (internal/readline.js:420:14)
      at emitKeys.next (<anonymous>)
      at ReadStream.onData (readline.js:1010:36)

npm manifest: 
  {
    "name": "mvc-demo1",
    "version": "1.0.0",
    "main": "index.js",
    "license": "MIT",
    "dependencies": {
      "jquery": "^3.5.1"
    }
  }

yarn manifest: 
  No manifest

Lockfile: 
  # THIS IS AN AUTOGENERATED FILE. DO NOT EDIT THIS FILE DIRECTLY.
  # yarn lockfile v1
  
  
  jquery@^3.5.1:
    version "3.5.1"
    resolved "https://registry.npm.taobao.org/jquery/download/jquery-3.5.1.tgz?cache=0&sync_timestamp=1588633811418&other_urls=https%3A%2F%2Fregistry.npm.taobao.org%2Fjquery%2Fdownload%2Fjquery-3.5.1.tgz#d7b4d08e1bfdb86ad2f1a3d039ea17304717abb5"
    integrity sha1-17TQjhv9uGrS8aPQOeoXMEcXq7U=
